0 info it worked if it ends with ok
1 verbose cli [ '/root/.nvm/versions/node/v5.0.0/bin/node',
1 verbose cli   '/root/.nvm/versions/node/v5.0.0/bin/npm',
1 verbose cli   'run',
1 verbose cli   'dev' ]
2 info using npm@3.3.6
3 info using node@v5.0.0
4 verbose run-script [ 'predev', 'dev', 'postdev' ]
5 info lifecycle STORE_LOCATOR_API@1.0.0~predev: STORE_LOCATOR_API@1.0.0
6 silly lifecycle STORE_LOCATOR_API@1.0.0~predev: no script for predev, continuing
7 info lifecycle STORE_LOCATOR_API@1.0.0~dev: STORE_LOCATOR_API@1.0.0
8 verbose lifecycle STORE_LOCATOR_API@1.0.0~dev: unsafe-perm in lifecycle true
9 verbose lifecycle STORE_LOCATOR_API@1.0.0~dev: PATH: /root/.nvm/versions/node/v5.0.0/lib/node_modules/npm/bin/node-gyp-bin:/home/ivana/Develop/Node/STORE_LOCATOR_API/node_modules/.bin:/root/.nvm/versions/node/v5.0.0/bin:/usr/local/sbin:/usr/local/bin:/usr/sbin:/usr/bin:/sbin:/bin
10 verbose lifecycle STORE_LOCATOR_API@1.0.0~dev: CWD: /home/ivana/Develop/Node/STORE_LOCATOR_API
11 silly lifecycle STORE_LOCATOR_API@1.0.0~dev: Args: [ '-c', 'nodemon server.js' ]
12 silly lifecycle STORE_LOCATOR_API@1.0.0~dev: Returned: code: 1  signal: null
13 info lifecycle STORE_LOCATOR_API@1.0.0~dev: Failed to exec dev script
14 verbose stack Error: STORE_LOCATOR_API@1.0.0 dev: `nodemon server.js`
14 verbose stack Exit status 1
14 verbose stack     at EventEmitter.<anonymous> (/root/.nvm/versions/node/v5.0.0/lib/node_modules/npm/lib/utils/lifecycle.js:233:16)
14 verbose stack     at emitTwo (events.js:87:13)
14 verbose stack     at EventEmitter.emit (events.js:172:7)
14 verbose stack     at ChildProcess.<anonymous> (/root/.nvm/versions/node/v5.0.0/lib/node_modules/npm/lib/utils/spawn.js:24:14)
14 verbose stack     at emitTwo (events.js:87:13)
14 verbose stack     at ChildProcess.emit (events.js:172:7)
14 verbose stack     at maybeClose (internal/child_process.js:818:16)
14 verbose stack     at Process.ChildProcess._handle.onexit (internal/child_process.js:211:5)
15 verbose pkgid STORE_LOCATOR_API@1.0.0
16 verbose cwd /home/ivana/Develop/Node/STORE_LOCATOR_API
17 error Linux 4.9.0-11-amd64
18 error argv "/root/.nvm/versions/node/v5.0.0/bin/node" "/root/.nvm/versions/node/v5.0.0/bin/npm" "run" "dev"
19 error node v5.0.0
20 error npm  v3.3.6
21 error code ELIFECYCLE
22 error STORE_LOCATOR_API@1.0.0 dev: `nodemon server.js`
22 error Exit status 1
23 error Failed at the STORE_LOCATOR_API@1.0.0 dev script 'nodemon server.js'.
23 error This is most likely a problem with the STORE_LOCATOR_API package,
23 error not with npm itself.
23 error Tell the author that this fails on your system:
23 error     nodemon server.js
23 error You can get their info via:
23 error     npm owner ls STORE_LOCATOR_API
23 error There is likely additional logging output above.
24 verbose exit [ 1, true ]
